   INFO :: 2021-04-26 13:58:34,909 :: visionaut.writer.core     :: Line  118 :: Log opened with level DEBUG (10).
  DEBUG :: 2021-04-26 13:58:34,909 :: visionaut.writer.core     :: Line  119 :: ShadyEngine Info:
    sys: 3.9.4 (tags/v3.9.4:1f2e308, Apr  6 2021, 13:40:21) [MSC v.1928 64 bit (AMD64)]
    sys.platform: win32
    platform.machine: AMD64
    platform.architecture: ('64bit', 'WindowsPE')
    platform.win32_ver: ('10', '10.0.17763', 'SP0', 'Multiprocessor Free')
    numpy: 1.20.2
    pillow: 8.2.0
    PIL: 8.2.0
    Shady: ('1.13.0', 'unknown revision', 'C:\\Users\\Westpoint\\Documents\\westpoint-gradiate\\Lib\\site-packages\\Shady')
    matplotlib: 3.4.1
    cv2.cv2: 4.5.1
    backend: shadylib
    ShaDyLib: ('1.13.0', 'git _= %SECOND', '20201202-142153', 'Shady/accel/libShady-Windows-64bit.dll')
    OpenGL: 4.5.0 - Build 24.20.100.6287
    GLSL: 4.50 - Build 24.20.100.6287
   INFO :: 2021-04-26 13:58:36,107 :: visionaut.gaze.stream     :: Line  212 :: Starting UNLICENSED eye tracker stream.
  DEBUG :: 2021-04-26 13:58:37,710 :: visionaut.program         :: Line  602 :: Activating Task: Gradiate(0)...
   INFO :: 2021-04-26 13:58:37,745 :: visionaut.task            :: Line  262 :: Launching standalone task 'Gradiate'.
   INFO :: 2021-04-26 13:58:37,817 :: visionaut.gaze.core       :: Line  842 :: Gaze State: TRACKER_STARTING_UP
   INFO :: 2021-04-26 13:58:38,862 :: visionaut.gaze.core       :: Line  915 :: Gaze State: GAZE_ACTIVE
   INFO :: 2021-04-26 13:58:58,319 :: visionaut.Gradiate(0)     :: Line  399 :: Starting Gradiate(0) repeat 1 out of 4
   INFO :: 2021-04-26 13:59:55,072 :: visionaut.Gradiate(0)     :: Line  399 :: Starting Gradiate(0) repeat 2 out of 4
   INFO :: 2021-04-26 14:00:48,640 :: visionaut.Gradiate(0)     :: Line  399 :: Starting Gradiate(0) repeat 3 out of 4
   INFO :: 2021-04-26 14:01:51,269 :: visionaut.Gradiate(0)     :: Line  399 :: Starting Gradiate(0) repeat 4 out of 4
  DEBUG :: 2021-04-26 14:03:25,743 :: visionaut.program         :: Line  777 :: Stopping program...
  DEBUG :: 2021-04-26 14:03:25,743 :: visionaut.program         :: Line  861 :: Finishing task 'Gradiate(0)'...
  DEBUG :: 2021-04-26 14:03:25,744 :: visionaut.Gradiate(0)     :: Line  322 :: Changing task Gradiate(0) state to FINISHED...
  DEBUG :: 2021-04-26 14:03:25,744 :: visionaut.Gradiate(0)     :: Line  324 :: Task state changed.
  DEBUG :: 2021-04-26 14:03:25,744 :: visionaut.Gradiate(0)     :: Line  550 :: No data to save for sweep with key 0.0
  DEBUG :: 2021-04-26 14:03:25,744 :: visionaut.Gradiate(0)     :: Line  550 :: No data to save for sweep with key 106.75337052936312
  DEBUG :: 2021-04-26 14:03:25,744 :: visionaut.Gradiate(0)     :: Line  550 :: No data to save for sweep with key 80.06502789702235
  DEBUG :: 2021-04-26 14:03:25,744 :: visionaut.Gradiate(0)     :: Line  550 :: No data to save for sweep with key 53.37668526468156
  DEBUG :: 2021-04-26 14:03:25,745 :: visionaut.Gradiate(0)     :: Line  550 :: No data to save for sweep with key 26.68834263234078
  DEBUG :: 2021-04-26 14:03:25,745 :: visionaut.Gradiate(0)     :: Line  574 :: Updating CSF log threshold stats for task Gradiate(0)...
  DEBUG :: 2021-04-26 14:03:25,746 :: visionaut.Gradiate(0)     :: Line  576 :: Stats updated.
 RESULT :: 2021-04-26 14:03:25,746 :: visionaut.Gradiate(0)     :: Line  586 :: Sweep last successes:
    cpd: -0.288 | -log10(rms_contrast_ratio): 2.040
    cpd:  0.173 | -log10(rms_contrast_ratio): 2.078
    cpd:  0.615 | -log10(rms_contrast_ratio): 1.858
    cpd:  0.810 | -log10(rms_contrast_ratio): 1.269
    cpd:  0.969 | -log10(rms_contrast_ratio): 0.699
  DEBUG :: 2021-04-26 14:03:25,749 :: visionaut.Gradiate(0)     :: Line  587 :: Writing CSF JSON file for task Gradiate(0)...
  DEBUG :: 2021-04-26 14:03:25,759 :: visionaut.Gradiate(0)     :: Line  589 :: CSF file written.
  DEBUG :: 2021-04-26 14:03:25,760 :: visionaut.program         :: Line  871 :: Task Gradiate(0) finished.
  DEBUG :: 2021-04-26 14:03:25,760 :: visionaut.program         :: Line  873 :: Stopping engine...
  DEBUG :: 2021-04-26 14:03:25,760 :: visionaut.program         :: Line  875 :: Engine stopped.
  DEBUG :: 2021-04-26 14:03:25,760 :: visionaut.program         :: Line  878 :: Stopping renderer...
  DEBUG :: 2021-04-26 14:03:25,760 :: visionaut.program         :: Line  880 :: Renderer stopped.
  DEBUG :: 2021-04-26 14:03:25,760 :: visionaut.program         :: Line  883 :: Destroying audio...
  DEBUG :: 2021-04-26 14:03:25,882 :: visionaut.program         :: Line  885 :: Audio destroyed.
   INFO :: 2021-04-26 14:03:25,882 :: visionaut.program         :: Line  890 :: Session duration: 04:47.978.
  DEBUG :: 2021-04-26 14:03:25,882 :: visionaut.program         :: Line  892 :: Finishing writer...
  DEBUG :: 2021-04-26 14:03:25,882 :: visionaut.program         :: Line  894 :: Writer finished.
  DEBUG :: 2021-04-26 14:03:25,883 :: visionaut.program         :: Line  896 :: Stopping gaze...
  DEBUG :: 2021-04-26 14:03:25,893 :: visionaut.program         :: Line  898 :: Gaze stopped.
  DEBUG :: 2021-04-26 14:03:25,894 :: visionaut.program         :: Line  779 :: Program stopped.
